[35m[1mConsolidate compiler generated dependencies of target test_node[0m
[ 33%] Built target node_template
[ 66%] Built target LIDAR_node
[ 83%] [32mBuilding CXX object CMakeFiles/test_node.dir/src/test_node.cpp.o[0m
[01m[K/home/user/ros2_ws/src/cpp_pkg/src/test_node.cpp:39:9:[m[K [01;31m[Kerror: [m[Kexpected unqualified-id before â€˜[01m[Kif[m[Kâ€™
   39 |         [01;31m[Kif[m[K(serialDataAvail(serialFd)){
      |         [01;31m[K^~[m[K
[01m[K/home/user/ros2_ws/src/cpp_pkg/src/test_node.cpp:[m[K In constructor â€˜[01m[KTestNode::TestNode()[m[Kâ€™:
[01m[K/home/user/ros2_ws/src/cpp_pkg/src/test_node.cpp:17:67:[m[K [01;31m[Kerror: [m[Kexpected â€˜[01m[K;[m[Kâ€™ before â€˜[01m[K{[m[Kâ€™ token
   17 |                 if((serialFd = serialOpen(serialPort, baudRate)<0)[01;31m[K{[m[K
      |                                                                   [01;31m[K^[m[K
[01m[K/home/user/ros2_ws/src/cpp_pkg/src/test_node.cpp:22:17:[m[K [01;31m[Kerror: [m[Kexpected primary-expression before â€˜[01m[Kif[m[Kâ€™
   22 |                 [01;31m[Kif[m[K(wiringPiSetup() == -1){
      |                 [01;31m[K^~[m[K
[01m[K/home/user/ros2_ws/src/cpp_pkg/src/test_node.cpp:22:17:[m[K [01;31m[Kerror: [m[Kexpected â€˜[01m[K)[m[Kâ€™ before â€˜[01m[Kif[m[Kâ€™
[01m[K/home/user/ros2_ws/src/cpp_pkg/src/test_node.cpp:17:19:[m[K [01;36m[Knote: [m[Kto match this â€˜[01m[K([m[Kâ€™
   17 |                 if[01;36m[K([m[K(serialFd = serialOpen(serialPort, baudRate)<0){
      |                   [01;36m[K^[m[K
[01m[K/home/user/ros2_ws/src/cpp_pkg/src/test_node.cpp:34:36:[m[K [01;35m[Kwarning: [m[Ksuggest braces around empty body in an â€˜[01m[Kif[m[Kâ€™ statement [[01;35m[K]8;;https://gcc.gnu.org/onlinedocs/gcc/Warning-Options.html#index-Wempty-body-Wempty-body]8;;[m[K]
   34 |                 pinMode(24, OUTPUT)[01;35m[K;[m[K
      |                                    [01;35m[K^[m[K
gmake[2]: *** [CMakeFiles/test_node.dir/build.make:76: CMakeFiles/test_node.dir/src/test_node.cpp.o] Error 1
gmake[1]: *** [CMakeFiles/Makefile2:167: CMakeFiles/test_node.dir/all] Error 2
gmake: *** [Makefile:146: all] Error 2
