[2.300s] Invoking command in '/home/user/ros2_ws/build/cpp_pkg': CMAKE_PREFIX_PATH=${CMAKE_PREFIX_PATH}:/home/user/ros2_ws/install/py_pkg:/opt/ros/humble /usr/bin/cmake --build /home/user/ros2_ws/build/cpp_pkg -- -j4 -l4
[2.372s] [35m[1mConsolidate compiler generated dependencies of target test_node[0m
[2.431s] [ 33%] Built target node_template
[2.442s] [ 66%] Built target LIDAR_node
[2.469s] [ 83%] [32mBuilding CXX object CMakeFiles/test_node.dir/src/test_node.cpp.o[0m
[12.443s] [01m[K/home/user/ros2_ws/src/cpp_pkg/src/test_node.cpp:39:9:[m[K [01;31m[Kerror: [m[Kexpected unqualified-id before â€˜[01m[Kif[m[Kâ€™
[12.444s]    39 |         [01;31m[Kif[m[K(serialDataAvail(serialFd)){
[12.444s]       |         [01;31m[K^~[m[K
[12.447s] [01m[K/home/user/ros2_ws/src/cpp_pkg/src/test_node.cpp:[m[K In constructor â€˜[01m[KTestNode::TestNode()[m[Kâ€™:
[12.447s] [01m[K/home/user/ros2_ws/src/cpp_pkg/src/test_node.cpp:17:67:[m[K [01;31m[Kerror: [m[Kexpected â€˜[01m[K;[m[Kâ€™ before â€˜[01m[K{[m[Kâ€™ token
[12.447s]    17 |                 if((serialFd = serialOpen(serialPort, baudRate)<0)[01;31m[K{[m[K
[12.448s]       |                                                                   [01;31m[K^[m[K
[12.448s] [01m[K/home/user/ros2_ws/src/cpp_pkg/src/test_node.cpp:22:17:[m[K [01;31m[Kerror: [m[Kexpected primary-expression before â€˜[01m[Kif[m[Kâ€™
[12.448s]    22 |                 [01;31m[Kif[m[K(wiringPiSetup() == -1){
[12.449s]       |                 [01;31m[K^~[m[K
[12.449s] [01m[K/home/user/ros2_ws/src/cpp_pkg/src/test_node.cpp:22:17:[m[K [01;31m[Kerror: [m[Kexpected â€˜[01m[K)[m[Kâ€™ before â€˜[01m[Kif[m[Kâ€™
[12.449s] [01m[K/home/user/ros2_ws/src/cpp_pkg/src/test_node.cpp:17:19:[m[K [01;36m[Knote: [m[Kto match this â€˜[01m[K([m[Kâ€™
[12.450s]    17 |                 if[01;36m[K([m[K(serialFd = serialOpen(serialPort, baudRate)<0){
[12.450s]       |                   [01;36m[K^[m[K
[12.450s] [01m[K/home/user/ros2_ws/src/cpp_pkg/src/test_node.cpp:34:36:[m[K [01;35m[Kwarning: [m[Ksuggest braces around empty body in an â€˜[01m[Kif[m[Kâ€™ statement [[01;35m[K]8;;https://gcc.gnu.org/onlinedocs/gcc/Warning-Options.html#index-Wempty-body-Wempty-body]8;;[m[K]
[12.451s]    34 |                 pinMode(24, OUTPUT)[01;35m[K;[m[K
[12.451s]       |                                    [01;35m[K^[m[K
[14.255s] gmake[2]: *** [CMakeFiles/test_node.dir/build.make:76: CMakeFiles/test_node.dir/src/test_node.cpp.o] Error 1
[14.255s] gmake[1]: *** [CMakeFiles/Makefile2:167: CMakeFiles/test_node.dir/all] Error 2
[14.256s] gmake: *** [Makefile:146: all] Error 2
[14.263s] Invoked command in '/home/user/ros2_ws/build/cpp_pkg' returned '2': CMAKE_PREFIX_PATH=${CMAKE_PREFIX_PATH}:/home/user/ros2_ws/install/py_pkg:/opt/ros/humble /usr/bin/cmake --build /home/user/ros2_ws/build/cpp_pkg -- -j4 -l4
