[0.050s] Invoking command in '/home/user/ros2_ws/build/cpp_pkg': CMAKE_PREFIX_PATH=${CMAKE_PREFIX_PATH}:/home/user/ros2_ws/install/py_pkg:/opt/ros/humble /usr/bin/cmake --build /home/user/ros2_ws/build/cpp_pkg -- -j4 -l4
[0.235s] [35m[1mConsolidate compiler generated dependencies of target test_node[0m
[0.291s] [ 50%] Built target node_template
[0.321s] [ 75%] [32mBuilding CXX object CMakeFiles/test_node.dir/src/test_node.cpp.o[0m
[10.075s] [01m[K/home/user/ros2_ws/src/cpp_pkg/src/test_node.cpp:[m[K In constructor â€˜[01m[KTestNode::TestNode()[m[Kâ€™:
[10.075s] [01m[K/home/user/ros2_ws/src/cpp_pkg/src/test_node.cpp:9:17:[m[K [01;31m[Kerror: [m[Kâ€˜[01m[KwiringPiSetupGPIO[m[Kâ€™ was not declared in this scope; did you mean â€˜[01m[KwiringPiSetupGpio[m[Kâ€™?
[10.075s]     9 |                 [01;31m[KwiringPiSetupGPIO[m[K();
[10.076s]       |                 [01;31m[K^~~~~~~~~~~~~~~~~[m[K
[10.076s]       |                 [32m[KwiringPiSetupGpio[m[K
[11.854s] gmake[2]: *** [CMakeFiles/test_node.dir/build.make:76: CMakeFiles/test_node.dir/src/test_node.cpp.o] Error 1
[11.855s] gmake[1]: *** [CMakeFiles/Makefile2:165: CMakeFiles/test_node.dir/all] Error 2
[11.855s] gmake: *** [Makefile:146: all] Error 2
[11.862s] Invoked command in '/home/user/ros2_ws/build/cpp_pkg' returned '2': CMAKE_PREFIX_PATH=${CMAKE_PREFIX_PATH}:/home/user/ros2_ws/install/py_pkg:/opt/ros/humble /usr/bin/cmake --build /home/user/ros2_ws/build/cpp_pkg -- -j4 -l4
