[0.054s] Invoking command in '/home/user/ros2_ws/build/cpp_pkg': CMAKE_PREFIX_PATH=${CMAKE_PREFIX_PATH}:/home/user/ros2_ws/install/py_pkg:/opt/ros/humble /usr/bin/cmake --build /home/user/ros2_ws/build/cpp_pkg -- -j4 -l4
[0.242s] [35m[1mConsolidate compiler generated dependencies of target node_template[0m
[0.331s] [ 50%] [32mBuilding CXX object CMakeFiles/node_template.dir/src/node_template.cpp.o[0m
[1.727s] [01m[K/home/user/ros2_ws/src/cpp_pkg/src/node_template.cpp:17:49:[m[K [01;35m[Kwarning: [m[Kmissing terminating " character
[1.728s]    17 |                 RCLCPP_INFO(this->get_logger(), [01;35m[K"[m[Khello);
[1.728s]       |                                                 [01;35m[K^[m[K
[1.729s] [01m[K/home/user/ros2_ws/src/cpp_pkg/src/node_template.cpp:30:2:[m[K [01;31m[Kerror: [m[Kunterminated argument list invoking macro "RCLCPP_INFO"
[1.729s]    30 | }
[1.729s]       |  [01;31m[K^[m[K
[10.352s] [01m[K/home/user/ros2_ws/src/cpp_pkg/src/node_template.cpp:17:28:[m[K [01;31m[Kerror: [m[Kexpected â€˜[01m[K}[m[Kâ€™ at end of input
[10.353s]    17 |                 RCLCPP_INFO[01;31m[K([m[Kthis->get_logger(), "hello);
[10.353s]       |                            [01;31m[K^[m[K
[10.353s] [01m[K/home/user/ros2_ws/src/cpp_pkg/src/node_template.cpp:4:1:[m[K [01;36m[Knote: [m[Kto match this â€˜[01m[K{[m[Kâ€™
[10.354s]     4 | [01;36m[K{[m[K
[10.354s]       | [01;36m[K^[m[K
[10.374s] [01m[K/home/user/ros2_ws/src/cpp_pkg/src/node_template.cpp:[m[K In constructor â€˜[01m[KNodeTemplate::NodeTemplate()[m[Kâ€™:
[10.375s] [01m[K/home/user/ros2_ws/src/cpp_pkg/src/node_template.cpp:10:9:[m[K [01;31m[Kerror: [m[Kâ€˜[01m[Ktimer_[m[Kâ€™ was not declared in this scope; did you mean â€˜[01m[Ktimer_t[m[Kâ€™?
[10.376s]    10 |         [01;31m[Ktimer_[m[K = this->create_wall_timer(srd::chrono::seconds(1),
[10.376s]       |         [01;31m[K^~~~~~[m[K
[10.376s]       |         [32m[Ktimer_t[m[K
[10.377s] [01m[K/home/user/ros2_ws/src/cpp_pkg/src/node_template.cpp:10:42:[m[K [01;31m[Kerror: [m[Kâ€˜[01m[Ksrd[m[Kâ€™ has not been declared
[10.377s]    10 |         timer_ = this->create_wall_timer([01;31m[Ksrd[m[K::chrono::seconds(1),
[10.378s]       |                                          [01;31m[K^~~[m[K
[10.378s] [01m[K/home/user/ros2_ws/src/cpp_pkg/src/node_template.cpp:11:84:[m[K [01;31m[Kerror: [m[Kâ€˜[01m[KMyNode[m[Kâ€™ has not been declared
[10.378s]    11 |                                                                         std::bind(&[01;31m[KMyNode[m[K::timerCallback, this);
[10.379s]       |                                                                                    [01;31m[K^~~~~~[m[K
[10.400s] [01m[K/home/user/ros2_ws/src/cpp_pkg/src/node_template.cpp:[m[K In member function â€˜[01m[Kvoid NodeTemplate::timerCallback()[m[Kâ€™:
[10.400s] [01m[K/home/user/ros2_ws/src/cpp_pkg/src/node_template.cpp:17:17:[m[K [01;31m[Kerror: [m[Kâ€˜[01m[KRCLCPP_INFO[m[Kâ€™ was not declared in this scope
[10.401s]    17 |                 [01;31m[KRCLCPP_INFO[m[K(this->get_logger(), "hello);
[10.401s]       |                 [01;31m[K^~~~~~~~~~~[m[K
[10.402s] [01m[K/home/user/ros2_ws/src/cpp_pkg/src/node_template.cpp:17:28:[m[K [01;31m[Kerror: [m[Kexpected â€˜[01m[K}[m[Kâ€™ at end of input
[10.402s]    17 |                 RCLCPP_INFO[01;31m[K([m[Kthis->get_logger(), "hello);
[10.403s]       |                            [01;31m[K^[m[K
[10.403s] [01m[K/home/user/ros2_ws/src/cpp_pkg/src/node_template.cpp:16:9:[m[K [01;36m[Knote: [m[Kto match this â€˜[01m[K{[m[Kâ€™
[10.404s]    16 |         [01;36m[K{[m[K
[10.404s]       |         [01;36m[K^[m[K
[10.405s] [01m[K/home/user/ros2_ws/src/cpp_pkg/src/node_template.cpp:[m[K At global scope:
[10.405s] [01m[K/home/user/ros2_ws/src/cpp_pkg/src/node_template.cpp:17:28:[m[K [01;31m[Kerror: [m[Kexpected unqualified-id at end of input
[10.406s]    17 |                 RCLCPP_INFO[01;31m[K([m[Kthis->get_logger(), "hello);
[10.406s]       |                            [01;31m[K^[m[K
[12.008s] gmake[2]: *** [CMakeFiles/node_template.dir/build.make:76: CMakeFiles/node_template.dir/src/node_template.cpp.o] Error 1
[12.008s] gmake[1]: *** [CMakeFiles/Makefile2:137: CMakeFiles/node_template.dir/all] Error 2
[12.009s] gmake: *** [Makefile:146: all] Error 2
[12.015s] Invoked command in '/home/user/ros2_ws/build/cpp_pkg' returned '2': CMAKE_PREFIX_PATH=${CMAKE_PREFIX_PATH}:/home/user/ros2_ws/install/py_pkg:/opt/ros/humble /usr/bin/cmake --build /home/user/ros2_ws/build/cpp_pkg -- -j4 -l4
