[35m[1mConsolidate compiler generated dependencies of target test_node[0m
[ 50%] Built target node_template
[ 75%] [32mBuilding CXX object CMakeFiles/test_node.dir/src/test_node.cpp.o[0m
[01m[K/home/user/ros2_ws/src/cpp_pkg/src/test_node.cpp:2:10:[m[K [01;31m[Kfatal error: [m[Kpigpio.h: No such file or directory
    2 | #include [01;31m[K"pigpio.h"[m[K
      |          [01;31m[K^~~~~~~~~~[m[K
compilation terminated.
gmake[2]: *** [CMakeFiles/test_node.dir/build.make:76: CMakeFiles/test_node.dir/src/test_node.cpp.o] Error 1
gmake[1]: *** [CMakeFiles/Makefile2:165: CMakeFiles/test_node.dir/all] Error 2
gmake: *** [Makefile:146: all] Error 2
