[0.000000] (-) TimerEvent: {}
[0.002933] (-) JobUnselected: {'identifier': 'ldlidar'}
[0.003213] (-) JobUnselected: {'identifier': 'ldlidar'}
[0.003422] (-) JobUnselected: {'identifier': 'ldlidar'}
[0.003574] (-) JobUnselected: {'identifier': 'ldlidar_component'}
[0.003712] (-) JobUnselected: {'identifier': 'ldlidar_node'}
[0.004050] (-) JobUnselected: {'identifier': 'ldlidar_stl'}
[0.004249] (-) JobUnselected: {'identifier': 'py_pkg'}
[0.004376] (-) JobUnselected: {'identifier': 'robot_bringup'}
[0.004524] (cpp_pkg) JobQueued: {'identifier': 'cpp_pkg', 'dependencies': OrderedDict()}
[0.004689] (cpp_pkg) JobStarted: {'identifier': 'cpp_pkg'}
[0.059123] (cpp_pkg) JobProgress: {'identifier': 'cpp_pkg', 'progress': 'cmake'}
[0.062615] (cpp_pkg) JobProgress: {'identifier': 'cpp_pkg', 'progress': 'build'}
[0.065706] (cpp_pkg) Command: {'cmd': ['/usr/bin/cmake', '--build', '/home/user/ros2_ws/build/cpp_pkg', '--', '-j4', '-l4'], 'cwd': '/home/user/ros2_ws/build/cpp_pkg', 'env': OrderedDict([('LESSOPEN', '| /usr/bin/lesspipe %s'), ('LANGUAGE', 'en_US:en'), ('USER', 'user'), ('XDG_SESSION_TYPE', 'wayland'), ('SHLVL', '1'), ('LD_LIBRARY_PATH', '/home/user/ros2_ws/install/ldlidar_component/lib:/opt/ros/humble/opt/rviz_ogre_vendor/lib:/opt/ros/humble/lib/aarch64-linux-gnu:/opt/ros/humble/lib'), ('HOME', '/home/user'), ('OLDPWD', '/home/user'), ('DESKTOP_SESSION', 'ubuntu'), ('ROS_PYTHON_VERSION', '3'), ('GNOME_SHELL_SESSION_MODE', 'ubuntu'), ('GTK_MODULES', 'gail:atk-bridge'), ('DBUS_STARTER_BUS_TYPE', 'session'), ('SYSTEMD_EXEC_PID', '1220'), ('DBUS_SESSION_BUS_ADDRESS', 'unix:path=/run/user/1000/bus,guid=3ad89e65a591f7ec67aacb9e6755b13f'), ('COLORTERM', 'truecolor'), ('IM_CONFIG_PHASE', '1'), ('WAYLAND_DISPLAY', 'wayland-0'), ('COLCON_PREFIX_PATH', '/home/user/ldlidar_ros2_ws/install:/home/user/ros2_ws/sdk_ldrobotsensorteam_stl/ros2_app/install:/home/user/ros2_ws/install'), ('ROS_DISTRO', 'humble'), ('LOGNAME', 'user'), ('_', '/usr/bin/colcon'), ('ROS_VERSION', '2'), ('XDG_SESSION_CLASS', 'user'), ('USERNAME', 'user'), ('TERM', 'xterm-256color'), ('GNOME_DESKTOP_SESSION_ID', 'this-is-deprecated'), ('ROS_LOCALHOST_ONLY', '0'), ('PATH', '/opt/ros/humble/bin:/home/user/.local/bin:/usr/local/sbin:/usr/local/bin:/usr/sbin:/usr/bin:/sbin:/bin:/usr/games:/usr/local/games:/snap/bin:/snap/bin'), ('SESSION_MANAGER', 'local/user-desktop:@/tmp/.ICE-unix/1220,unix/user-desktop:/tmp/.ICE-unix/1220'), ('XDG_MENU_PREFIX', 'gnome-'), ('GNOME_TERMINAL_SCREEN', '/org/gnome/Terminal/screen/b4298d5a_85e1_40f3_b391_b9aa00279ac9'), ('GNOME_SETUP_DISPLAY', ':1'), ('XDG_RUNTIME_DIR', '/run/user/1000'), ('DISPLAY', ':0'), ('LANG', 'en_US.UTF-8'), ('XDG_CURRENT_DESKTOP', 'ubuntu:GNOME'), ('XMODIFIERS', '@im=ibus'), ('XDG_SESSION_DESKTOP', 'ubuntu'), ('XAUTHORITY', '/run/user/1000/.mutter-Xwaylandauth.OXSSY2'), ('LS_COLORS', 'rs=0:di=01;34:ln=01;36:mh=00:pi=40;33:so=01;35:do=01;35:bd=40;33;01:cd=40;33;01:or=40;31;01:mi=00:su=37;41:sg=30;43:ca=30;41:tw=30;42:ow=34;42:st=37;44:ex=01;32:*.tar=01;31:*.tgz=01;31:*.arc=01;31:*.arj=01;31:*.taz=01;31:*.lha=01;31:*.lz4=01;31:*.lzh=01;31:*.lzma=01;31:*.tlz=01;31:*.txz=01;31:*.tzo=01;31:*.t7z=01;31:*.zip=01;31:*.z=01;31:*.dz=01;31:*.gz=01;31:*.lrz=01;31:*.lz=01;31:*.lzo=01;31:*.xz=01;31:*.zst=01;31:*.tzst=01;31:*.bz2=01;31:*.bz=01;31:*.tbz=01;31:*.tbz2=01;31:*.tz=01;31:*.deb=01;31:*.rpm=01;31:*.jar=01;31:*.war=01;31:*.ear=01;31:*.sar=01;31:*.rar=01;31:*.alz=01;31:*.ace=01;31:*.zoo=01;31:*.cpio=01;31:*.7z=01;31:*.rz=01;31:*.cab=01;31:*.wim=01;31:*.swm=01;31:*.dwm=01;31:*.esd=01;31:*.jpg=01;35:*.jpeg=01;35:*.mjpg=01;35:*.mjpeg=01;35:*.gif=01;35:*.bmp=01;35:*.pbm=01;35:*.pgm=01;35:*.ppm=01;35:*.tga=01;35:*.xbm=01;35:*.xpm=01;35:*.tif=01;35:*.tiff=01;35:*.png=01;35:*.svg=01;35:*.svgz=01;35:*.mng=01;35:*.pcx=01;35:*.mov=01;35:*.mpg=01;35:*.mpeg=01;35:*.m2v=01;35:*.mkv=01;35:*.webm=01;35:*.webp=01;35:*.ogm=01;35:*.mp4=01;35:*.m4v=01;35:*.mp4v=01;35:*.vob=01;35:*.qt=01;35:*.nuv=01;35:*.wmv=01;35:*.asf=01;35:*.rm=01;35:*.rmvb=01;35:*.flc=01;35:*.avi=01;35:*.fli=01;35:*.flv=01;35:*.gl=01;35:*.dl=01;35:*.xcf=01;35:*.xwd=01;35:*.yuv=01;35:*.cgm=01;35:*.emf=01;35:*.ogv=01;35:*.ogx=01;35:*.aac=00;36:*.au=00;36:*.flac=00;36:*.m4a=00;36:*.mid=00;36:*.midi=00;36:*.mka=00;36:*.mp3=00;36:*.mpc=00;36:*.ogg=00;36:*.ra=00;36:*.wav=00;36:*.oga=00;36:*.opus=00;36:*.spx=00;36:*.xspf=00;36:'), ('GNOME_TERMINAL_SERVICE', ':1.125'), ('SSH_AGENT_LAUNCHER', 'gnome-keyring'), ('SSH_AUTH_SOCK', '/run/user/1000/keyring/ssh'), ('AMENT_PREFIX_PATH', '/home/user/ros2_ws/install/robot_bringup:/home/user/ros2_ws/install/py_pkg:/home/user/ros2_ws/install/ldlidar:/home/user/ros2_ws/install/ldlidar_node:/home/user/ros2_ws/install/ldlidar_component:/home/user/ros2_ws/install/cpp_pkg:/home/user/ldlidar_ros2_ws/install/ldlidar_stl_ros2:/home/user/ros2_ws/sdk_ldrobotsensorteam_stl/ros2_app/install/ldlidar:/opt/ros/humble'), ('SHELL', '/bin/bash'), ('QT_ACCESSIBILITY', '1'), ('GDMSESSION', 'ubuntu'), ('LESSCLOSE', '/usr/bin/lesspipe %s %s'), ('QT_IM_MODULE', 'ibus'), ('PWD', '/home/user/ros2_ws/build/cpp_pkg'), ('TURTLEBOT3_MODEL', 'waffle'), ('XDG_CONFIG_DIRS', '/etc/xdg/xdg-ubuntu:/etc/xdg'), ('DBUS_STARTER_ADDRESS', 'unix:path=/run/user/1000/bus,guid=3ad89e65a591f7ec67aacb9e6755b13f'), ('XDG_DATA_DIRS', '/usr/share/ubuntu:/usr/local/share/:/usr/share/:/var/lib/snapd/desktop'), ('PYTHONPATH', '/home/user/ros2_ws/install/py_pkg/lib/python3.10/site-packages:/opt/ros/humble/lib/python3.10/site-packages:/opt/ros/humble/local/lib/python3.10/dist-packages'), ('COLCON', '1'), ('VTE_VERSION', '6800'), ('CMAKE_PREFIX_PATH', '/home/user/ros2_ws/install/robot_bringup:/home/user/ros2_ws/install/ldlidar:/home/user/ros2_ws/install/ldlidar_node:/home/user/ros2_ws/install/ldlidar_component:/home/user/ros2_ws/install/cpp_pkg:/home/user/ldlidar_ros2_ws/install/ldlidar_stl_ros2:/home/user/ros2_ws/sdk_ldrobotsensorteam_stl/ros2_app/install/ldlidar')]), 'shell': False}
[0.098671] (-) TimerEvent: {}
[0.194390] (cpp_pkg) StdoutLine: {'line': b'-- Found ament_cmake: 1.3.11 (/opt/ros/humble/share/ament_cmake/cmake)\n'}
[0.198820] (-) TimerEvent: {}
[0.299523] (-) TimerEvent: {}
[0.401092] (-) TimerEvent: {}
[0.502869] (-) TimerEvent: {}
[0.604227] (-) TimerEvent: {}
[0.704923] (-) TimerEvent: {}
[0.794577] (cpp_pkg) StdoutLine: {'line': b'-- Override CMake install command with custom implementation using symlinks instead of copying resources\n'}
[0.805122] (-) TimerEvent: {}
[0.829749] (cpp_pkg) StdoutLine: {'line': b'-- Found rclcpp: 16.0.11 (/opt/ros/humble/share/rclcpp/cmake)\n'}
[0.905297] (-) TimerEvent: {}
[1.006007] (-) TimerEvent: {}
[1.012723] (cpp_pkg) StdoutLine: {'line': b'-- Found rosidl_generator_c: 3.1.6 (/opt/ros/humble/share/rosidl_generator_c/cmake)\n'}
[1.023460] (cpp_pkg) StdoutLine: {'line': b'-- Found rosidl_adapter: 3.1.6 (/opt/ros/humble/share/rosidl_adapter/cmake)\n'}
[1.049298] (cpp_pkg) StdoutLine: {'line': b'-- Found rosidl_generator_cpp: 3.1.6 (/opt/ros/humble/share/rosidl_generator_cpp/cmake)\n'}
[1.088154] (cpp_pkg) StdoutLine: {'line': b'-- Using all available rosidl_typesupport_c: rosidl_typesupport_fastrtps_c;rosidl_typesupport_introspection_c\n'}
[1.106165] (-) TimerEvent: {}
[1.139839] (cpp_pkg) StdoutLine: {'line': b'-- Using all available rosidl_typesupport_cpp: rosidl_typesupport_fastrtps_cpp;rosidl_typesupport_introspection_cpp\n'}
[1.206353] (-) TimerEvent: {}
[1.277536] (cpp_pkg) StdoutLine: {'line': b'-- Found rmw_implementation_cmake: 6.1.2 (/opt/ros/humble/share/rmw_implementation_cmake/cmake)\n'}
[1.284492] (cpp_pkg) StdoutLine: {'line': b'-- Found rmw_fastrtps_cpp: 6.2.7 (/opt/ros/humble/share/rmw_fastrtps_cpp/cmake)\n'}
[1.306584] (-) TimerEvent: {}
[1.407652] (-) TimerEvent: {}
[1.508320] (-) TimerEvent: {}
[1.609041] (-) TimerEvent: {}
[1.709789] (-) TimerEvent: {}
[1.810451] (-) TimerEvent: {}
[1.911345] (-) TimerEvent: {}
[2.012059] (-) TimerEvent: {}
[2.112768] (-) TimerEvent: {}
[2.213464] (-) TimerEvent: {}
[2.314129] (-) TimerEvent: {}
[2.414831] (-) TimerEvent: {}
[2.417237] (cpp_pkg) StdoutLine: {'line': b"-- Using RMW implementation 'rmw_fastrtps_cpp' as default\n"}
[2.515014] (-) TimerEvent: {}
[2.615748] (-) TimerEvent: {}
[2.716478] (-) TimerEvent: {}
[2.817251] (-) TimerEvent: {}
[2.844247] (cpp_pkg) StderrLine: {'line': b"Error parsing '/home/user/ros2_ws/src/cpp_pkg/package.xml':\n"}
[2.917419] (-) TimerEvent: {}
[3.018085] (-) TimerEvent: {}
[3.027039] (cpp_pkg) StderrLine: {'line': b'Traceback (most recent call last):\n'}
[3.027897] (cpp_pkg) StderrLine: {'line': b'  File "/opt/ros/humble/share/ament_cmake_core/cmake/core/package_xml_2_cmake.py", line 150, in <module>\n'}
[3.028276] (cpp_pkg) StderrLine: {'line': b'    main()\n'}
[3.028536] (cpp_pkg) StderrLine: {'line': b'  File "/opt/ros/humble/share/ament_cmake_core/cmake/core/package_xml_2_cmake.py", line 53, in main\n'}
[3.028857] (cpp_pkg) StderrLine: {'line': b'    raise e\n'}
[3.029192] (cpp_pkg) StderrLine: {'line': b'  File "/opt/ros/humble/share/ament_cmake_core/cmake/core/package_xml_2_cmake.py", line 49, in main\n'}
[3.029665] (cpp_pkg) StderrLine: {'line': b'    package = parse_package_string(\n'}
[3.030170] (cpp_pkg) StderrLine: {'line': b'  File "/usr/lib/python3/dist-packages/catkin_pkg/package.py", line 633, in parse_package_string\n'}
[3.031224] (cpp_pkg) StderrLine: {'line': b"    version_node = _get_node(root, 'version', filename)\n"}
[3.031655] (cpp_pkg) StderrLine: {'line': b'  File "/usr/lib/python3/dist-packages/catkin_pkg/package.py", line 800, in _get_node\n'}
[3.033005] (cpp_pkg) StderrLine: {'line': b'    raise InvalidPackage(\'The manifest must contain exactly one "%s" tag\' % tagname, filename)\n'}
[3.033893] (cpp_pkg) StderrLine: {'line': b"catkin_pkg.package.InvalidPackage: Error(s) in package '/home/user/ros2_ws/src/cpp_pkg/package.xml':\n"}
[3.035004] (cpp_pkg) StderrLine: {'line': b'The manifest must contain exactly one "version" tag\n'}
[3.118345] (-) TimerEvent: {}
[3.127811] (cpp_pkg) StderrLine: {'line': b'\x1b[31mCMake Error at /opt/ros/humble/share/ament_cmake_core/cmake/core/ament_package_xml.cmake:95 (message):\n'}
[3.128443] (cpp_pkg) StderrLine: {'line': b'  execute_process(/usr/bin/python3\n'}
[3.128980] (cpp_pkg) StderrLine: {'line': b'  /opt/ros/humble/share/ament_cmake_core/cmake/core/package_xml_2_cmake.py\n'}
[3.129354] (cpp_pkg) StderrLine: {'line': b'  /home/user/ros2_ws/src/cpp_pkg/package.xml\n'}
[3.129772] (cpp_pkg) StderrLine: {'line': b'  /home/user/ros2_ws/build/cpp_pkg/ament_cmake_core/package.cmake) returned\n'}
[3.130159] (cpp_pkg) StderrLine: {'line': b'  error code 1\n'}
[3.130594] (cpp_pkg) StderrLine: {'line': b'Call Stack (most recent call first):\n'}
[3.130935] (cpp_pkg) StderrLine: {'line': b'  /opt/ros/humble/share/ament_cmake_core/cmake/core/ament_package_xml.cmake:49 (_ament_package_xml)\n'}
[3.131218] (cpp_pkg) StderrLine: {'line': b'  /opt/ros/humble/share/ament_cmake_core/cmake/core/ament_package.cmake:63 (ament_package_xml)\n'}
[3.131484] (cpp_pkg) StderrLine: {'line': b'  CMakeLists.txt:34 (ament_package)\n'}
[3.131760] (cpp_pkg) StderrLine: {'line': b'\n'}
[3.132035] (cpp_pkg) StderrLine: {'line': b'\x1b[0m\n'}
[3.132360] (cpp_pkg) StdoutLine: {'line': b'-- Configuring incomplete, errors occurred!\n'}
[3.132757] (cpp_pkg) StdoutLine: {'line': b'See also "/home/user/ros2_ws/build/cpp_pkg/CMakeFiles/CMakeOutput.log".\n'}
[3.165095] (cpp_pkg) StderrLine: {'line': b'gmake: *** [Makefile:390: cmake_check_build_system] Error 1\n'}
[3.171451] (cpp_pkg) CommandEnded: {'returncode': 2}
[3.174031] (cpp_pkg) JobEnded: {'identifier': 'cpp_pkg', 'rc': 2}
[3.183363] (-) EventReactorShutdown: {}
