[0.063s] Invoking command in '/home/user/ros2_ws/build/cpp_pkg': CMAKE_PREFIX_PATH=${CMAKE_PREFIX_PATH}:/home/user/ros2_ws/install/py_pkg:/opt/ros/humble /usr/bin/cmake --build /home/user/ros2_ws/build/cpp_pkg -- -j4 -l4
[0.263s] [35m[1mConsolidate compiler generated dependencies of target test_node[0m
[0.327s] [ 33%] Built target node_template
[0.334s] [ 66%] Built target LIDAR_node
[0.362s] [ 83%] [32mBuilding CXX object CMakeFiles/test_node.dir/src/test_node.cpp.o[0m
[10.333s] [01m[K/home/user/ros2_ws/src/cpp_pkg/src/test_node.cpp:[m[K In constructor â€˜[01m[KTestNode::TestNode()[m[Kâ€™:
[10.333s] [01m[K/home/user/ros2_ws/src/cpp_pkg/src/test_node.cpp:13:67:[m[K [01;31m[Kerror: [m[Kexpected â€˜[01m[K;[m[Kâ€™ before â€˜[01m[K{[m[Kâ€™ token
[10.334s]    13 |                 if((serialFd = serialOpen(serialPort, baudRate)<0)[01;31m[K{[m[K
[10.334s]       |                                                                   [01;31m[K^[m[K
[10.334s] [01m[K/home/user/ros2_ws/src/cpp_pkg/src/test_node.cpp:18:17:[m[K [01;31m[Kerror: [m[Kexpected primary-expression before â€˜[01m[Kif[m[Kâ€™
[10.335s]    18 |                 [01;31m[Kif[m[K(wiringPiSetup() == -1){
[10.335s]       |                 [01;31m[K^~[m[K
[10.335s] [01m[K/home/user/ros2_ws/src/cpp_pkg/src/test_node.cpp:18:17:[m[K [01;31m[Kerror: [m[Kexpected â€˜[01m[K)[m[Kâ€™ before â€˜[01m[Kif[m[Kâ€™
[10.336s] [01m[K/home/user/ros2_ws/src/cpp_pkg/src/test_node.cpp:13:19:[m[K [01;36m[Knote: [m[Kto match this â€˜[01m[K([m[Kâ€™
[10.336s]    13 |                 if[01;36m[K([m[K(serialFd = serialOpen(serialPort, baudRate)<0){
[10.336s]       |                   [01;36m[K^[m[K
[10.337s] [01m[K/home/user/ros2_ws/src/cpp_pkg/src/test_node.cpp:30:36:[m[K [01;35m[Kwarning: [m[Ksuggest braces around empty body in an â€˜[01m[Kif[m[Kâ€™ statement [[01;35m[K]8;;https://gcc.gnu.org/onlinedocs/gcc/Warning-Options.html#index-Wempty-body-Wempty-body]8;;[m[K]
[10.337s]    30 |                 pinMode(24, OUTPUT)[01;35m[K;[m[K
[10.337s]       |                                    [01;35m[K^[m[K
[10.372s] In file included from [01m[K/opt/ros/humble/include/rclcpp/rclcpp/logging.hpp:24[m[K,
[10.373s]                  from [01m[K/opt/ros/humble/include/rclcpp/rclcpp/client.hpp:40[m[K,
[10.373s]                  from [01m[K/opt/ros/humble/include/rclcpp/rclcpp/callback_group.hpp:24[m[K,
[10.373s]                  from [01m[K/opt/ros/humble/include/rclcpp/rclcpp/any_executable.hpp:20[m[K,
[10.374s]                  from [01m[K/opt/ros/humble/include/rclcpp/rclcpp/memory_strategy.hpp:25[m[K,
[10.374s]                  from [01m[K/opt/ros/humble/include/rclcpp/rclcpp/memory_strategies.hpp:18[m[K,
[10.374s]                  from [01m[K/opt/ros/humble/include/rclcpp/rclcpp/executor_options.hpp:20[m[K,
[10.375s]                  from [01m[K/opt/ros/humble/include/rclcpp/rclcpp/executor.hpp:37[m[K,
[10.376s]                  from [01m[K/opt/ros/humble/include/rclcpp/rclcpp/executors/multi_threaded_executor.hpp:25[m[K,
[10.376s]                  from [01m[K/opt/ros/humble/include/rclcpp/rclcpp/executors.hpp:21[m[K,
[10.376s]                  from [01m[K/opt/ros/humble/include/rclcpp/rclcpp/rclcpp.hpp:155[m[K,
[10.377s]                  from [01m[K/home/user/ros2_ws/src/cpp_pkg/src/test_node.cpp:1[m[K:
[10.377s] [01m[K/home/user/ros2_ws/src/cpp_pkg/src/test_node.cpp:[m[K In member function â€˜[01m[Kvoid TestNode::timerCallback()[m[Kâ€™:
[10.378s] [01m[K/home/user/ros2_ws/src/cpp_pkg/src/test_node.cpp:57:57:[m[K [01;31m[Kerror: [m[Kinvalid conversion from â€˜[01m[Kchar[m[Kâ€™ to â€˜[01m[Kconst char*[m[Kâ€™ [[01;31m[K]8;;https://gcc.gnu.org/onlinedocs/gcc/Warning-Options.html#index-fpermissive-fpermissive]8;;[m[K]
[10.378s]    57 |                         RCLCPP_INFO(this->get_logger(), [01;31m[KreceivedChar[m[K);
[10.378s]       |                                                         [01;31m[K^~~~~~~~~~~~[m[K
[10.378s]       |                                                         [01;31m[K|[m[K
[10.379s]       |                                                         [01;31m[Kchar[m[K
[10.379s] In file included from [01m[K/opt/ros/humble/include/rmw/rmw/types.h:28[m[K,
[10.380s]                  from [01m[K/opt/ros/humble/include/rcl/rcl/types.h:20[m[K,
[10.380s]                  from [01m[K/opt/ros/humble/include/rcl/rcl/log_level.h:22[m[K,
[10.380s]                  from [01m[K/opt/ros/humble/include/rcl/rcl/arguments.h:21[m[K,
[10.381s]                  from [01m[K/opt/ros/humble/include/rcl/rcl/context.h:28[m[K,
[10.381s]                  from [01m[K/opt/ros/humble/include/rcl/rcl/guard_condition.h:26[m[K,
[10.381s]                  from [01m[K/opt/ros/humble/include/rclcpp/rclcpp/executor.hpp:30[m[K,
[10.382s]                  from [01m[K/opt/ros/humble/include/rclcpp/rclcpp/executors/multi_threaded_executor.hpp:25[m[K,
[10.382s]                  from [01m[K/opt/ros/humble/include/rclcpp/rclcpp/executors.hpp:21[m[K,
[10.382s]                  from [01m[K/opt/ros/humble/include/rclcpp/rclcpp/rclcpp.hpp:155[m[K,
[10.383s]                  from [01m[K/home/user/ros2_ws/src/cpp_pkg/src/test_node.cpp:1[m[K:
[10.383s] [01m[K/opt/ros/humble/include/rcutils/rcutils/logging.h:479:16:[m[K [01;36m[Knote: [m[K  initializing argument 4 of â€˜[01m[Kvoid rcutils_log(const rcutils_log_location_t*, int, const char*, const char*, ...)[m[Kâ€™
[10.384s]   479 |   [01;36m[Kconst char * format[m[K,
[10.384s]       |   [01;36m[K~~~~~~~~~~~~~^~~~~~[m[K
[12.134s] gmake[2]: *** [CMakeFiles/test_node.dir/build.make:76: CMakeFiles/test_node.dir/src/test_node.cpp.o] Error 1
[12.135s] gmake[1]: *** [CMakeFiles/Makefile2:167: CMakeFiles/test_node.dir/all] Error 2
[12.136s] gmake: *** [Makefile:146: all] Error 2
[12.143s] Invoked command in '/home/user/ros2_ws/build/cpp_pkg' returned '2': CMAKE_PREFIX_PATH=${CMAKE_PREFIX_PATH}:/home/user/ros2_ws/install/py_pkg:/opt/ros/humble /usr/bin/cmake --build /home/user/ros2_ws/build/cpp_pkg -- -j4 -l4
