In file included from [01m[K/opt/ros/humble/include/rclcpp/rclcpp/client.hpp:40[m[K,
                 from [01m[K/opt/ros/humble/include/rclcpp/rclcpp/callback_group.hpp:24[m[K,
                 from [01m[K/opt/ros/humble/include/rclcpp/rclcpp/any_executable.hpp:20[m[K,
                 from [01m[K/opt/ros/humble/include/rclcpp/rclcpp/memory_strategy.hpp:25[m[K,
                 from [01m[K/opt/ros/humble/include/rclcpp/rclcpp/memory_strategies.hpp:18[m[K,
                 from [01m[K/opt/ros/humble/include/rclcpp/rclcpp/executor_options.hpp:20[m[K,
                 from [01m[K/opt/ros/humble/include/rclcpp/rclcpp/executor.hpp:37[m[K,
                 from [01m[K/opt/ros/humble/include/rclcpp/rclcpp/executors/multi_threaded_executor.hpp:25[m[K,
                 from [01m[K/opt/ros/humble/include/rclcpp/rclcpp/executors.hpp:21[m[K,
                 from [01m[K/opt/ros/humble/include/rclcpp/rclcpp/rclcpp.hpp:155[m[K,
                 from [01m[K/home/user/ros2_ws/src/cpp_pkg/src/node_template.cpp:1[m[K:
[01m[K/home/user/ros2_ws/src/cpp_pkg/src/node_template.cpp:[m[K In constructor â€˜[01m[KNodeTemplate::NodeTemplate()[m[Kâ€™:
[01m[K/home/user/ros2_ws/src/cpp_pkg/src/node_template.cpp:8:21:[m[K [01;31m[Kerror: [m[Kâ€˜[01m[Knode[m[Kâ€™ was not declared in this scope; did you mean â€˜[01m[KNode[m[Kâ€™?
    8 |         RCLCPP_INFO([01;31m[Knode[m[K->get_logger(), "hello")
      |                     [01;31m[K^~~~[m[K
[01m[K/home/user/ros2_ws/src/cpp_pkg/src/node_template.cpp:8:9:[m[K [01;31m[Kerror: [m[Ktemplate argument 1 is invalid
    8 |         [01;31m[KRCLCPP_INFO[m[K(node->get_logger(), "hello")
      |         [01;31m[K^~~~~~~~~~~[m[K
[01m[K/home/user/ros2_ws/src/cpp_pkg/src/node_template.cpp:8:9:[m[K [01;31m[Kerror: [m[Ktemplate argument 1 is invalid
    8 |         [01;31m[KRCLCPP_INFO[m[K(node->get_logger(), "hello")
      |         [01;31m[K^~~~~~~~~~~[m[K
[01m[K/home/user/ros2_ws/src/cpp_pkg/src/node_template.cpp:8:9:[m[K [01;31m[Kerror: [m[Ktemplate argument 1 is invalid
    8 |         [01;31m[KRCLCPP_INFO[m[K(node->get_logger(), "hello")
      |         [01;31m[K^~~~~~~~~~~[m[K
[01m[K/home/user/ros2_ws/src/cpp_pkg/src/node_template.cpp:9:9:[m[K [01;31m[Kerror: [m[Kexpected â€˜[01m[K;[m[Kâ€™ before â€˜[01m[K}[m[Kâ€™ token
    9 |         [01;31m[K}[m[K
      |         [01;31m[K^[m[K
gmake[2]: *** [CMakeFiles/node_template.dir/build.make:76: CMakeFiles/node_template.dir/src/node_template.cpp.o] Error 1
gmake[1]: *** [CMakeFiles/Makefile2:137: CMakeFiles/node_template.dir/all] Error 2
gmake: *** [Makefile:146: all] Error 2
