[1.165s] Invoking command in '/home/user/ros2_ws/build/cpp_pkg': CMAKE_PREFIX_PATH=${CMAKE_PREFIX_PATH}:/home/user/ros2_ws/install/py_pkg:/opt/ros/humble /usr/bin/cmake --build /home/user/ros2_ws/build/cpp_pkg -- -j4 -l4
[1.344s] [35m[1mConsolidate compiler generated dependencies of target test_node[0m
[1.401s] [ 50%] Built target node_template
[2.384s] [ 75%] [32mBuilding CXX object CMakeFiles/test_node.dir/src/test_node.cpp.o[0m
[17.096s] [100%] [32m[1mLinking CXX executable test_node[0m
[17.589s] /usr/bin/ld: CMakeFiles/test_node.dir/src/test_node.cpp.o: in function `TestNode::timerCallback()':
[17.589s] test_node.cpp:(.text._ZN8TestNode13timerCallbackEv[_ZN8TestNode13timerCallbackEv]+0x168): undefined reference to `digitalWrite'
[17.616s] collect2: error: ld returned 1 exit status
[17.621s] gmake[2]: *** [CMakeFiles/test_node.dir/build.make:151: test_node] Error 1
[17.622s] gmake[1]: *** [CMakeFiles/Makefile2:165: CMakeFiles/test_node.dir/all] Error 2
[17.623s] gmake: *** [Makefile:146: all] Error 2
[17.630s] Invoked command in '/home/user/ros2_ws/build/cpp_pkg' returned '2': CMAKE_PREFIX_PATH=${CMAKE_PREFIX_PATH}:/home/user/ros2_ws/install/py_pkg:/opt/ros/humble /usr/bin/cmake --build /home/user/ros2_ws/build/cpp_pkg -- -j4 -l4
