-- Found ament_cmake: 1.3.10 (/opt/ros/humble/share/ament_cmake/cmake)
-- Found rclcpp: 16.0.10 (/opt/ros/humble/share/rclcpp/cmake)
-- Found rosidl_generator_c: 3.1.5 (/opt/ros/humble/share/rosidl_generator_c/cmake)
-- Found rosidl_adapter: 3.1.5 (/opt/ros/humble/share/rosidl_adapter/cmake)
-- Found rosidl_generator_cpp: 3.1.5 (/opt/ros/humble/share/rosidl_generator_cpp/cmake)
-- Using all available rosidl_typesupport_c: rosidl_typesupport_fastrtps_c;rosidl_typesupport_introspection_c
-- Using all available rosidl_typesupport_cpp: rosidl_typesupport_fastrtps_cpp;rosidl_typesupport_introspection_cpp
-- Found rmw_implementation_cmake: 6.1.2 (/opt/ros/humble/share/rmw_implementation_cmake/cmake)
-- Found rmw_fastrtps_cpp: 6.2.7 (/opt/ros/humble/share/rmw_fastrtps_cpp/cmake)
-- Using RMW implementation 'rmw_fastrtps_cpp' as default
-- Configuring done
-- Generating done
-- Build files have been written to: /home/user/ros2_ws/build/cpp_pkg
[35m[1mConsolidate compiler generated dependencies of target node_template[0m
[35m[1mConsolidate compiler generated dependencies of target test_node[0m
[ 50%] Built target node_template
[ 75%] [32m[1mLinking CXX executable test_node[0m
/usr/bin/ld: CMakeFiles/test_node.dir/src/test_node.cpp.o: in function `TestNode::timerCallback()':
test_node.cpp:(.text._ZN8TestNode13timerCallbackEv[_ZN8TestNode13timerCallbackEv]+0x168): undefined reference to `digitalWrite'
collect2: error: ld returned 1 exit status
gmake[2]: *** [CMakeFiles/test_node.dir/build.make:151: test_node] Error 1
gmake[1]: *** [CMakeFiles/Makefile2:165: CMakeFiles/test_node.dir/all] Error 2
gmake: *** [Makefile:146: all] Error 2
