[0.055s] Invoking command in '/home/user/ros2_ws/build/cpp_pkg': CMAKE_PREFIX_PATH=${CMAKE_PREFIX_PATH}:/home/user/ros2_ws/install/py_pkg:/opt/ros/humble /usr/bin/cmake --build /home/user/ros2_ws/build/cpp_pkg -- -j4 -l4
[0.163s] -- Found ament_cmake: 1.3.10 (/opt/ros/humble/share/ament_cmake/cmake)
[0.737s] -- Found rclcpp: 16.0.10 (/opt/ros/humble/share/rclcpp/cmake)
[0.906s] -- Found rosidl_generator_c: 3.1.5 (/opt/ros/humble/share/rosidl_generator_c/cmake)
[0.916s] -- Found rosidl_adapter: 3.1.5 (/opt/ros/humble/share/rosidl_adapter/cmake)
[0.942s] -- Found rosidl_generator_cpp: 3.1.5 (/opt/ros/humble/share/rosidl_generator_cpp/cmake)
[0.980s] -- Using all available rosidl_typesupport_c: rosidl_typesupport_fastrtps_c;rosidl_typesupport_introspection_c
[1.029s] -- Using all available rosidl_typesupport_cpp: rosidl_typesupport_fastrtps_cpp;rosidl_typesupport_introspection_cpp
[1.160s] -- Found rmw_implementation_cmake: 6.1.2 (/opt/ros/humble/share/rmw_implementation_cmake/cmake)
[1.166s] -- Found rmw_fastrtps_cpp: 6.2.7 (/opt/ros/humble/share/rmw_fastrtps_cpp/cmake)
[2.089s] -- Using RMW implementation 'rmw_fastrtps_cpp' as default
[2.578s] -- Configuring done
[2.639s] -- Generating done
[2.651s] -- Build files have been written to: /home/user/ros2_ws/build/cpp_pkg
[2.761s] [35m[1mConsolidate compiler generated dependencies of target node_template[0m
[2.761s] [35m[1mConsolidate compiler generated dependencies of target test_node[0m
[2.850s] [ 50%] Built target node_template
[2.855s] [ 75%] [32m[1mLinking CXX executable test_node[0m
[3.350s] /usr/bin/ld: CMakeFiles/test_node.dir/src/test_node.cpp.o: in function `TestNode::timerCallback()':
[3.350s] test_node.cpp:(.text._ZN8TestNode13timerCallbackEv[_ZN8TestNode13timerCallbackEv]+0x168): undefined reference to `digitalWrite'
[3.377s] collect2: error: ld returned 1 exit status
[3.382s] gmake[2]: *** [CMakeFiles/test_node.dir/build.make:151: test_node] Error 1
[3.382s] gmake[1]: *** [CMakeFiles/Makefile2:165: CMakeFiles/test_node.dir/all] Error 2
[3.383s] gmake: *** [Makefile:146: all] Error 2
[3.390s] Invoked command in '/home/user/ros2_ws/build/cpp_pkg' returned '2': CMAKE_PREFIX_PATH=${CMAKE_PREFIX_PATH}:/home/user/ros2_ws/install/py_pkg:/opt/ros/humble /usr/bin/cmake --build /home/user/ros2_ws/build/cpp_pkg -- -j4 -l4
