[0.062s] Invoking command in '/home/user/ros2_ws/build/cpp_pkg': CMAKE_PREFIX_PATH=${CMAKE_PREFIX_PATH}:/home/user/ros2_ws/install/py_pkg:/opt/ros/humble /usr/bin/cmake --build /home/user/ros2_ws/build/cpp_pkg -- -j4 -l4
[0.261s] [35m[1mConsolidate compiler generated dependencies of target test_node[0m
[0.322s] [ 33%] Built target node_template
[0.333s] [ 66%] Built target LIDAR_node
[0.356s] [ 83%] [32mBuilding CXX object CMakeFiles/test_node.dir/src/test_node.cpp.o[0m
[10.260s] [01m[K/home/user/ros2_ws/src/cpp_pkg/src/test_node.cpp:41:9:[m[K [01;31m[Kerror: [m[Kexpected unqualified-id before â€˜[01m[Kwhile[m[Kâ€™
[10.260s]    41 |         [01;31m[Kwhile[m[K(1){
[10.261s]       |         [01;31m[K^~~~~[m[K
[10.261s] [01m[K/home/user/ros2_ws/src/cpp_pkg/src/test_node.cpp:58:2:[m[K [01;31m[Kerror: [m[Kexpected â€˜[01m[K}[m[Kâ€™ at end of input
[10.261s]    58 | }
[10.262s]       |  [01;31m[K^[m[K
[10.262s] [01m[K/home/user/ros2_ws/src/cpp_pkg/src/test_node.cpp:5:1:[m[K [01;36m[Knote: [m[Kto match this â€˜[01m[K{[m[Kâ€™
[10.262s]     5 | [01;36m[K{[m[K
[10.263s]       | [01;36m[K^[m[K
[10.278s] [01m[K/home/user/ros2_ws/src/cpp_pkg/src/test_node.cpp:58:2:[m[K [01;31m[Kerror: [m[Kexpected unqualified-id at end of input
[10.279s]    58 | }
[10.279s]       |  [01;31m[K^[m[K
[11.860s] gmake[2]: *** [CMakeFiles/test_node.dir/build.make:76: CMakeFiles/test_node.dir/src/test_node.cpp.o] Error 1
[11.860s] gmake[1]: *** [CMakeFiles/Makefile2:167: CMakeFiles/test_node.dir/all] Error 2
[11.861s] gmake: *** [Makefile:146: all] Error 2
[11.868s] Invoked command in '/home/user/ros2_ws/build/cpp_pkg' returned '2': CMAKE_PREFIX_PATH=${CMAKE_PREFIX_PATH}:/home/user/ros2_ws/install/py_pkg:/opt/ros/humble /usr/bin/cmake --build /home/user/ros2_ws/build/cpp_pkg -- -j4 -l4
